ghpages-demo : brew install --build-from-source openssl@1.1
Error: 
  homebrew-core is a shallow clone.
To `brew update`, first run:
  git -C /usr/local/Homebrew/Library/Taps/homebrew/homebrew-core fetch --unshallow
This restriction has been made on GitHub's request because updating shallow
clones is an extremely expensive operation due to the tree layout and traffic of
Homebrew/homebrew-core and Homebrew/homebrew-cask. We don't do this for you
automatically to avoid repeatedly performing an expensive unshallow operation in
CI systems (which should instead be fixed to not use shallow clones). Sorry for
the inconvenience!
Warning: You are using macOS 10.13.
We (and Apple) do not provide support for this old version.
You will encounter build failures with some formulae.
Please create pull requests instead of asking for help on Homebrew's GitHub,
Twitter or any other official channels. You are responsible for resolving
any issues you experience while you are running this
old version.

==> Downloading https://www.openssl.org/source/openssl-1.1.1i.tar.gz
Already downloaded: /Users/clarence/Library/Caches/Homebrew/downloads/fd23ba7b701c9f6232538758ea8cc3025119733e0e3e6f6af55517e8bdc49b0e--openssl-1.1.1i.tar.gz
Warning: A newer Command Line Tools release is available.
Update them from Software Update in the App Store or run:
  softwareupdate --all --install --force

If that doesn't show you an update run:
  sudo rm -rf /Library/Developer/CommandLineTools
  sudo xcode-select --install

Alternatively, manually download them from:
  https://developer.apple.com/download/more/.

==> perl ./Configure --prefix=/usr/local/Cellar/openssl@1.1/1.1.1i --openssldir=/usr/local/etc/openssl@1.1 no-ssl3 no-ss
==> make
==> make install MANDIR=/usr/local/Cellar/openssl@1.1/1.1.1i/share/man MANSUFFIX=ssl
==> make test
==> Caveats
A CA file has been bootstrapped using certificates from the system
keychain. To add additional certificates, place .pem files in
  /usr/local/etc/openssl@1.1/certs

and run
  /usr/local/opt/openssl@1.1/bin/c_rehash

openssl@1.1 is keg-only, which means it was not symlinked into /usr/local,
because macOS provides LibreSSL.

If you need to have openssl@1.1 first in your PATH run:
  echo 'export PATH="/usr/local/opt/openssl@1.1/bin:$PATH"' >> /Users/clarence/.bash_profile

For compilers to find openssl@1.1 you may need to set:
  export LDFLAGS="-L/usr/local/opt/openssl@1.1/lib"
  export CPPFLAGS="-I/usr/local/opt/openssl@1.1/include"

For pkg-config to find openssl@1.1 you may need to set:
  export PKG_CONFIG_PATH="/usr/local/opt/openssl@1.1/lib/pkgconfig"

==> Summary
ðŸº  /usr/local/Cellar/openssl@1.1/1.1.1i: 8,060 files, 18.4MB, built in 9 minutes 5 seconds
Removing: /usr/local/Cellar/openssl/1.0.2o_1... (1,791 files, 12.3MB)
Removing: /usr/local/Cellar/openssl/1.0.2q... (1,794 files, 12.1MB)
Removing: /usr/local/Cellar/openssl/1.0.2r... (1,795 files, 12.1MB)
==> Upgrading 3 dependents:
postgresql 11.2_1 -> 13.1, postgresql@10 10.6_2 -> 10.15, wget 1.19.5 -> 1.20.3_2
==> Upgrading postgresql@10 10.6_2 -> 10.15 
Error: postgresql@10: no bottle available!
You can try to install from source with e.g.
  brew install --build-from-source postgresql@10
Please note building from source is unsupported. You will encounter build
failures with some formulae. If you experience any issues please create pull
requests instead of asking for help on Homebrew's GitHub, Twitter or any other
official channels.
==> Upgrading postgresql 11.2_1 -> 13.1 
Error: postgresql: no bottle available!
You can try to install from source with e.g.
  brew install --build-from-source postgresql
Please note building from source is unsupported. You will encounter build
failures with some formulae. If you experience any issues please create pull
requests instead of asking for help on Homebrew's GitHub, Twitter or any other
official channels.
==> Upgrading wget 1.19.5 -> 1.20.3_2 
==> Downloading https://homebrew.bintray.com/bottles/gettext-0.21.high_sierra.bottle.tar.gz
==> Downloading from https://d29vzk4ow07wi7.cloudfront.net/5ac5783e31205b92907b46bfaaa142620aea7ee3fc4d996876b0913fd2315
######################################################################## 100.0%
==> Downloading https://homebrew.bintray.com/bottles/libidn2-2.3.0.high_sierra.bottle.tar.gz
==> Downloading from https://d29vzk4ow07wi7.cloudfront.net/4530dd74cbd31c49b0f499eda0f9ea29ec7ff6ae00f9aff3974247365d1fb
######################################################################## 100.0%
==> Downloading https://homebrew.bintray.com/bottles/wget-1.20.3_2.high_sierra.bottle.tar.gz
==> Downloading from https://d29vzk4ow07wi7.cloudfront.net/91dd0caca9bd3f38c439d5a7b6f68440c4274945615fae035ff0a369264b8
######################################################################## 100.0%
==> Installing dependencies for wget: gettext and libidn2
==> Installing wget dependency: gettext
==> Pouring gettext-0.21.high_sierra.bottle.tar.gz
==> Caveats
Emacs Lisp files have been installed to:
  /usr/local/share/emacs/site-lisp/gettext
==> Summary
ðŸº  /usr/local/Cellar/gettext/0.21: 1,959 files, 19.1MB
==> Installing wget dependency: libidn2
==> Pouring libidn2-2.3.0.high_sierra.bottle.tar.gz
ðŸº  /usr/local/Cellar/libidn2/2.3.0: 70 files, 719.7KB
==> Installing wget
==> Pouring wget-1.20.3_2.high_sierra.bottle.tar.gz
ðŸº  /usr/local/Cellar/wget/1.20.3_2: 50 files, 4.0MB
Removing: /usr/local/Cellar/wget/1.19.5... (50 files, 3.7MB)
==> Checking for dependents of upgraded formulae...
==> Reinstalling 1 broken dependent from source:
python@2
==> Downloading https://ftp.gnu.org/gnu/readline/readline-8.1.tar.gz
Already downloaded: /Users/clarence/Library/Caches/Homebrew/downloads/118fcba9dbeb2dd253f11507b4f4e3167af70954a464b35e4d0d7e79d3965d1b--readline-8.1.tar.gz
==> Downloading https://www.sqlite.org/2020/sqlite-autoconf-3340000.tar.gz
Already downloaded: /Users/clarence/Library/Caches/Homebrew/downloads/3fa15dbaf893aa7f64a2782063c1f218d60b03603eb475bb0717c75096823037--sqlite-autoconf-3340000.tar.gz
==> Downloading https://homebrew.bintray.com/bottles/xz-5.2.5.high_sierra.bottle.tar.gz
Already downloaded: /Users/clarence/Library/Caches/Homebrew/downloads/cdeedc9b7e133aeb86dba4ce47adc328e6dd73387463a0c8bdb1ce91bd4a053a--xz-5.2.5.high_sierra.bottle.tar.gz
==> Downloading https://files.pythonhosted.org/packages/12/e1/b9a2926a3c5a3fb055b8f85052f5baa890106a0e21b64a977c10affea7
Already downloaded: /Users/clarence/Library/Caches/Homebrew/downloads/206fa549f9c3c993a25689ee791fb16dbc8d5c9ecf98e1f87fabbba882197aed--setuptools-51.0.0.zip
==> Downloading https://files.pythonhosted.org/packages/cb/5f/ae1eb8bda1cde4952bd12e468ab8a254c345a0189402bf1421457577f4
Already downloaded: /Users/clarence/Library/Caches/Homebrew/downloads/7fcd43e58b87c87e030e812114d927f64a8096251832ff70e8a4d648fc4c50a7--pip-20.3.1.tar.gz
==> Downloading https://files.pythonhosted.org/packages/d4/cf/732e05dce1e37b63d54d1836160b6e24fb36eeff2313e93315ad047c7d
Already downloaded: /Users/clarence/Library/Caches/Homebrew/downloads/c5a3b1539cb02c983464753984825636c02e6d8588dfaf0600afd57d769dc9fc--wheel-0.36.1.tar.gz
==> Downloading https://www.python.org/ftp/python/3.9.1/Python-3.9.1.tar.xz
Already downloaded: /Users/clarence/Library/Caches/Homebrew/downloads/4f82a87872361431c1ff89331abe8b4474053a6310159862948c4e0f35bdaca5--Python-3.9.1.tar.xz
==> Downloading https://files.pythonhosted.org/packages/c6/3e/d00f1500aa0e8a69323101c33f6e6910bbc68d34df3e8a0b1e510219a9
######################################################################## 100.0%
==> Downloading https://files.pythonhosted.org/packages/d7/d8/05696357e0311f5b5c316d7b95f46c669dd9c15aaeecbb48c7d0aeb88c
######################################################################## 100.0%
==> Downloading https://files.pythonhosted.org/packages/2f/83/1eba07997b8ba58d92b3e51445d5bf36f9fba9cb8166bcae99b9c34648
######################################################################## 100.0%
==> Downloading https://files.pythonhosted.org/packages/14/ec/6ee2168387ce0154632f856d5cc5592328e9cf93127c5c9aeca92c8c16
######################################################################## 100.0%
==> Downloading https://files.pythonhosted.org/packages/6b/34/415834bfdafca3c5f451532e8a8d9ba89a21c9743a0c59fbd0205c7f94
######################################################################## 100.0%
==> Downloading https://files.pythonhosted.org/packages/cc/b4/ed8dcb0d67d5cfb7f83c4d5463a7614cb1d078ad7ae890c9143edebbf0
######################################################################## 100.0%
==> Downloading https://files.pythonhosted.org/packages/41/1b/5ed6e564b9ca54318df20ebe5d642ab25da4118df3c178247b8c4b26fa
######################################################################## 100.0%
==> Downloading https://files.pythonhosted.org/packages/e6/de/879cf857ae6f890dfa23c3d6239814c5471936b618c8fb0c8732ad5da8
######################################################################## 100.0%
==> Downloading https://files.pythonhosted.org/packages/fc/bb/a5768c230f9ddb03acc9ef3f0d4a3cf93462473795d18e9535498c8f92
######################################################################## 100.0%
==> Downloading https://files.pythonhosted.org/packages/2f/e0/3d435b34abd2d62e8206171892f174b180cd37b09d57b924ca5c2ef221
######################################################################## 100.0%
==> Downloading https://files.pythonhosted.org/packages/ea/b7/e0e3c1c467636186c39925827be42f16fee389dc404ac29e930e9136be
######################################################################## 100.0%
==> Downloading https://files.pythonhosted.org/packages/e4/9f/0452b459c8ba97e07c3cd2bd243783936a992006cf4cd1353c314a9270
######################################################################## 100.0%
==> Downloading https://files.pythonhosted.org/packages/64/a7/45e11eebf2f15bf987c3bc11d37dcc838d9dc81250e67e4c5968f6008b
######################################################################## 100.0%
==> Downloading https://files.pythonhosted.org/packages/b9/2e/64db92e53b86efccfaea71321f597fa2e1b2bd3853d8ce658568f7a130
######################################################################## 100.0%
==> Downloading https://files.pythonhosted.org/packages/3d/fb/a70f636102045fc646656f2221c7fcdf92f7a9d71ba7c9875a949a58b3
######################################################################## 100.0%
==> Downloading https://files.pythonhosted.org/packages/55/fd/fc1aca9cf51ed2f2c11748fa797370027babd82f87829c7a8e6dbe7201
######################################################################## 100.0%
==> Downloading https://files.pythonhosted.org/packages/5d/0e/ff13c055b014d634ed17e9e9345a312c28ec6a06448ba6d6ccfa77c3b5
######################################################################## 100.0%
==> Downloading https://files.pythonhosted.org/packages/c1/47/dfc9c342c9842bbe0036c7f763d2d6686bcf5eb1808ba3e170afdb2822
######################################################################## 100.0%
==> Downloading https://files.pythonhosted.org/packages/09/07/448a8887c7195450604dfc0305d80d74324c36ee18ed997664051d4bff
######################################################################## 100.0%
==> Downloading https://files.pythonhosted.org/packages/9f/14/4a6542a078773957aa83101336375c9597e6fe5889d20abda9c38f9f3f
######################################################################## 100.0%
==> Downloading https://files.pythonhosted.org/packages/6b/34/415834bfdafca3c5f451532e8a8d9ba89a21c9743a0c59fbd0205c7f94
Already downloaded: /Users/clarence/Library/Caches/Homebrew/downloads/e99698a932bde9f5fb8ca552923ae339984f284e1c7764df95c12175f573c0d7--six-1.15.0.tar.gz
==> Downloading https://files.pythonhosted.org/packages/21/1b/6b8bbee253195c61aeaa61181bb41d646363bdaa691d0b94b304d49011
######################################################################## 100.0%
==> Downloading https://files.pythonhosted.org/packages/9f/01/ad9d4ebbceddbed9979ab4a89ddb78c9760e74e6757b1880f1b2760e82
######################################################################## 100.0%
==> Downloading https://files.pythonhosted.org/packages/98/33/dc28393f16385f722c893cb55539c641c9aaec8d1bc1c15b69ce0ac2db
######################################################################## 100.0%
==> Downloading https://files.pythonhosted.org/packages/c9/2e/a7a5fef38327b7f643ed13646321d19903a2f54b0a05868e4bc34d729e
######################################################################## 100.0%
==> Downloading https://files.pythonhosted.org/packages/b2/e8/9ed3830aeed71f17c026a07a5097edcf44b692850ef215b161b8ad8757
######################################################################## 100.0%
==> Downloading https://files.pythonhosted.org/packages/b1/8e/c4846e59f38a5f2b4a0e3b27af38f2fcf904d4bfd82095bf92de0b114e
######################################################################## 100.0%
==> Downloading https://files.pythonhosted.org/packages/ac/86/021876a9dd4eac9dae0b1d454d848acbd56d5574d350d0f835043b5ac2
######################################################################## 100.0%
==> Downloading https://files.pythonhosted.org/packages/29/e6/d1a1d78c439cad688757b70f26c50a53332167c364edb0134cadd280e2
######################################################################## 100.0%
==> Downloading https://files.pythonhosted.org/packages/16/06/9a7ce305cf7c31d5f167f83e37c159e8b79ebe595b627cbc7d73d8468e
######################################################################## 100.0%
==> Downloading https://files.pythonhosted.org/packages/37/1b/b25507861991beeade31473868463dad0e58b1978c209de27384ae541b
######################################################################## 100.0%
==> Downloading https://files.pythonhosted.org/packages/45/ae/8a0ad77defb7cc903f09e551d88b443304a9bd6e6f124e75c0fbbf6de8
######################################################################## 100.0%
==> Downloading https://files.pythonhosted.org/packages/d8/55/221a530d66bf78e72996453d1e2dedef526063546e131d70bed548d805
######################################################################## 100.0%
==> Downloading https://www.python.org/ftp/python/2.7.15/Python-2.7.15.tar.xz
######################################################################## 100.0%
==> Reinstalling python@2 
Warning: A newer Command Line Tools release is available.
Update them from Software Update in the App Store or run:
  softwareupdate --all --install --force

If that doesn't show you an update run:
  sudo rm -rf /Library/Developer/CommandLineTools
  sudo xcode-select --install

Alternatively, manually download them from:
  https://developer.apple.com/download/more/.

==> Installing dependencies for python@2: readline, sqlite, xz, python@3.9 and sphinx-doc
Error: readline: no bottle available!
You can try to install from source with e.g.
  brew install --build-from-source readline
Please note building from source is unsupported. You will encounter build
failures with some formulae. If you experience any issues please create pull
requests instead of asking for help on Homebrew's GitHub, Twitter or any other
official channels.
==> Caveats
==> openssl@1.1
A CA file has been bootstrapped using certificates from the system
keychain. To add additional certificates, place .pem files in
  /usr/local/etc/openssl@1.1/certs

and run
  /usr/local/opt/openssl@1.1/bin/c_rehash

openssl@1.1 is keg-only, which means it was not symlinked into /usr/local,
because macOS provides LibreSSL.

If you need to have openssl@1.1 first in your PATH run:
  echo 'export PATH="/usr/local/opt/openssl@1.1/bin:$PATH"' >> /Users/clarence/.bash_profile

For compilers to find openssl@1.1 you may need to set:
  export LDFLAGS="-L/usr/local/opt/openssl@1.1/lib"
  export CPPFLAGS="-I/usr/local/opt/openssl@1.1/include"

For pkg-config to find openssl@1.1 you may need to set:
  export PKG_CONFIG_PATH="/usr/local/opt/openssl@1.1/lib/pkgconfig"

==> gettext
Emacs Lisp files have been installed to:
  /usr/local/share/emacs/site-lisp/gettext

